<?xml version="1.0" encoding="UTF-8" ?>
<testsuite tests="6" failures="0" name="com.apparel.service.DecisionEngineTest" time="0.008" errors="0" skipped="0">
  <properties>
[...]
</properties>
  <testcase classname="com.apparel.service.DecisionEngineTest" name="testCase1" time="0.007"/>
  <testcase classname="com.apparel.service.DecisionEngineTest" name="testCase3" time="0"/>
  <testcase classname="com.apparel.service.DecisionEngineTest" name="testCase4" time="0"/>
  <testcase classname="com.apparel.service.DecisionEngineTest" name="testCase5" time="0.001"/>
  <testcase classname="com.apparel.service.DecisionEngineTest" name="testCase6" time="0"/>
  <testcase classname="com.apparel.service.DecisionEngineTest" name="testCase2" time="0"/>
</testsuite>